# JRE version: Java(TM) SE Runtime Environment (8.0_112-b15) (build 1.8.0_112-b15)
# Java VM: Java HotSpot(TM) 64-Bit Server VM (25.112-b15 mixed mode linux-amd64 compressed oops)
Heap:
 PSYoungGen      total 82944K, used 26567K [0x000000076ab00000, 0x0000000772a80000, 0x00000007c0000000)
  eden space 65024K, 13% used [0x000000076ab00000,0x000000076b372d40,0x000000076ea80000)
  from space 17920K, 99% used [0x000000076ea80000,0x000000076fbff058,0x000000076fc00000)
  to   space 22528K, 0% used [0x0000000771480000,0x0000000771480000,0x0000000772a80000)
 ParOldGen       total 73728K, used 20635K [0x00000006c0000000, 0x00000006c4800000, 0x000000076ab00000)
  object space 73728K, 27% used [0x00000006c0000000,0x00000006c1426cf8,0x00000006c4800000)
 Metaspace       used 47368K, capacity 51202K, committed 51416K, reserved 1093632K
  class space    used 5651K, capacity 6816K, committed 6912K, reserved 1048576K
GC Heap History (10 events):
Event: 4,313 GC heap before
{Heap before GC invocations=5 (full 1):
 PSYoungGen      total 35328K, used 32768K [0x000000076ab00000, 0x000000076f000000, 0x00000007c0000000)
  eden space 32768K, 100% used [0x000000076ab00000,0x000000076cb00000,0x000000076cb00000)
  from space 2560K, 0% used [0x000000076cb00000,0x000000076cb00000,0x000000076cd80000)
  to   space 2560K, 0% used [0x000000076ed80000,0x000000076ed80000,0x000000076f000000)
 ParOldGen       total 52224K, used 15210K [0x00000006c0000000, 0x00000006c3300000, 0x000000076ab00000)
  object space 52224K, 29% used [0x00000006c0000000,0x00000006c0edabf8,0x00000006c3300000)
 Metaspace       used 29496K, capacity 31914K, committed 32000K, reserved 1077248K
  class space    used 3354K, capacity 4080K, committed 4096K, reserved 1048576K
Event: 4,331 GC heap after
Heap after GC invocations=5 (full 1):
 PSYoungGen      total 47616K, used 2547K [0x000000076ab00000, 0x000000076f000000, 0x00000007c0000000)
  eden space 45056K, 0% used [0x000000076ab00000,0x000000076ab00000,0x000000076d700000)
  from space 2560K, 99% used [0x000000076ed80000,0x000000076effcc20,0x000000076f000000)
  to   space 2560K, 0% used [0x000000076eb00000,0x000000076eb00000,0x000000076ed80000)
 ParOldGen       total 52224K, used 25279K [0x00000006c0000000, 0x00000006c3300000, 0x000000076ab00000)
  object space 52224K, 48% used [0x00000006c0000000,0x00000006c18aff70,0x00000006c3300000)
 Metaspace       used 29496K, capacity 31914K, committed 32000K, reserved 1077248K
  class space    used 3354K, capacity 4080K, committed 4096K, reserved 1048576K
}
Event: 4,676 GC heap before
{Heap before GC invocations=6 (full 1):
 PSYoungGen      total 47616K, used 15293K [0x000000076ab00000, 0x000000076f000000, 0x00000007c0000000)
  eden space 45056K, 28% used [0x000000076ab00000,0x000000076b7728f8,0x000000076d700000)
  from space 2560K, 99% used [0x000000076ed80000,0x000000076effcc20,0x000000076f000000)
  to   space 2560K, 0% used [0x000000076eb00000,0x000000076eb00000,0x000000076ed80000)
 ParOldGen       total 52224K, used 25279K [0x00000006c0000000, 0x00000006c3300000, 0x000000076ab00000)
  object space 52224K, 48% used [0x00000006c0000000,0x00000006c18aff70,0x00000006c3300000)
 Metaspace       used 32677K, capacity 35236K, committed 35416K, reserved 1081344K
  class space    used 3725K, capacity 4458K, committed 4480K, reserved 1048576K
Event: 4,699 GC heap after
Heap after GC invocations=6 (full 1):
 PSYoungGen      total 68096K, used 2528K [0x000000076ab00000, 0x0000000770b00000, 0x00000007c0000000)
  eden space 65536K, 0% used [0x000000076ab00000,0x000000076ab00000,0x000000076eb00000)
  from space 2560K, 98% used [0x000000076eb00000,0x000000076ed78020,0x000000076ed80000)
  to   space 15360K, 0% used [0x000000076fc00000,0x000000076fc00000,0x0000000770b00000)
 ParOldGen       total 52224K, used 28692K [0x00000006c0000000, 0x00000006c3300000, 0x000000076ab00000)
  object space 52224K, 54% used [0x00000006c0000000,0x00000006c1c05168,0x00000006c3300000)
 Metaspace       used 32677K, capacity 35236K, committed 35416K, reserved 1081344K
  class space    used 3725K, capacity 4458K, committed 4480K, reserved 1048576K
}
Event: 4,699 GC heap before
{Heap before GC invocations=7 (full 2):
 PSYoungGen      total 68096K, used 2528K [0x000000076ab00000, 0x0000000770b00000, 0x00000007c0000000)
  eden space 65536K, 0% used [0x000000076ab00000,0x000000076ab00000,0x000000076eb00000)
  from space 2560K, 98% used [0x000000076eb00000,0x000000076ed78020,0x000000076ed80000)
  to   space 15360K, 0% used [0x000000076fc00000,0x000000076fc00000,0x0000000770b00000)
 ParOldGen       total 52224K, used 28692K [0x00000006c0000000, 0x00000006c3300000, 0x000000076ab00000)
  object space 52224K, 54% used [0x00000006c0000000,0x00000006c1c05168,0x00000006c3300000)
 Metaspace       used 32677K, capacity 35236K, committed 35416K, reserved 1081344K
  class space    used 3725K, capacity 4458K, committed 4480K, reserved 1048576K
Event: 4,822 GC heap after
Heap after GC invocations=7 (full 2):
 PSYoungGen      total 68096K, used 0K [0x000000076ab00000, 0x0000000770b00000, 0x00000007c0000000)
  eden space 65536K, 0% used [0x000000076ab00000,0x000000076ab00000,0x000000076eb00000)
  from space 2560K, 0% used [0x000000076eb00000,0x000000076eb00000,0x000000076ed80000)
  to   space 15360K, 0% used [0x000000076fc00000,0x000000076fc00000,0x0000000770b00000)
 ParOldGen       total 73728K, used 17597K [0x00000006c0000000, 0x00000006c4800000, 0x000000076ab00000)
  object space 73728K, 23% used [0x00000006c0000000,0x00000006c112f440,0x00000006c4800000)
 Metaspace       used 32677K, capacity 35236K, committed 35416K, reserved 1081344K
  class space    used 3725K, capacity 4458K, committed 4480K, reserved 1048576K
}
Event: 6,306 GC heap before
{Heap before GC invocations=8 (full 2):
 PSYoungGen      total 68096K, used 65536K [0x000000076ab00000, 0x0000000770b00000, 0x00000007c0000000)
  eden space 65536K, 100% used [0x000000076ab00000,0x000000076eb00000,0x000000076eb00000)
  from space 2560K, 0% used [0x000000076eb00000,0x000000076eb00000,0x000000076ed80000)
  to   space 15360K, 0% used [0x000000076fc00000,0x000000076fc00000,0x0000000770b00000)
 ParOldGen       total 73728K, used 17597K [0x00000006c0000000, 0x00000006c4800000, 0x000000076ab00000)
  object space 73728K, 23% used [0x00000006c0000000,0x00000006c112f440,0x00000006c4800000)
 Metaspace       used 37496K, capacity 40630K, committed 40664K, reserved 1085440K
  class space    used 4363K, capacity 5351K, committed 5376K, reserved 1048576K
Event: 6,324 GC heap after
Heap after GC invocations=8 (full 2):
 PSYoungGen      total 80384K, used 14931K [0x000000076ab00000, 0x0000000772400000, 0x00000007c0000000)
  eden space 65024K, 0% used [0x000000076ab00000,0x000000076ab00000,0x000000076ea80000)
  from space 15360K, 97% used [0x000000076fc00000,0x0000000770a94e18,0x0000000770b00000)
  to   space 17920K, 0% used [0x000000076ea80000,0x000000076ea80000,0x000000076fc00000)
 ParOldGen       total 73728K, used 17605K [0x00000006c0000000, 0x00000006c4800000, 0x000000076ab00000)
  object space 73728K, 23% used [0x00000006c0000000,0x00000006c1131440,0x00000006c4800000)
 Metaspace       used 37496K, capacity 40630K, committed 40664K, reserved 1085440K
  class space    used 4363K, capacity 5351K, committed 5376K, reserved 1048576K
}
Event: 8,562 GC heap before
{Heap before GC invocations=9 (full 2):
 PSYoungGen      total 80384K, used 79955K [0x000000076ab00000, 0x0000000772400000, 0x00000007c0000000)
  eden space 65024K, 100% used [0x000000076ab00000,0x000000076ea80000,0x000000076ea80000)
  from space 15360K, 97% used [0x000000076fc00000,0x0000000770a94e18,0x0000000770b00000)
  to   space 17920K, 0% used [0x000000076ea80000,0x000000076ea80000,0x000000076fc00000)
 ParOldGen       total 73728K, used 17605K [0x00000006c0000000, 0x00000006c4800000, 0x000000076ab00000)
  object space 73728K, 23% used [0x00000006c0000000,0x00000006c1131440,0x00000006c4800000)
 Metaspace       used 45613K, capacity 49466K, committed 49752K, reserved 1091584K
  class space    used 5434K, capacity 6668K, committed 6784K, reserved 1048576K
Event: 8,585 GC heap after
Heap after GC invocations=9 (full 2):
 PSYoungGen      total 82944K, used 17916K [0x000000076ab00000, 0x0000000772a80000, 0x00000007c0000000)
  eden space 65024K, 0% used [0x000000076ab00000,0x000000076ab00000,0x000000076ea80000)
  from space 17920K, 99% used [0x000000076ea80000,0x000000076fbff058,0x000000076fc00000)
  to   space 22528K, 0% used [0x0000000771480000,0x0000000771480000,0x0000000772a80000)
 ParOldGen       total 73728K, used 20635K [0x00000006c0000000, 0x00000006c4800000, 0x000000076ab00000)
  object space 73728K, 27% used [0x00000006c0000000,0x00000006c1426cf8,0x00000006c4800000)
 Metaspace       used 45613K, capacity 49466K, committed 49752K, reserved 1091584K
  class space    used 5434K, capacity 6668K, committed 6784K, reserved 1048576K
}

